<?xml version="1.0" encoding="UTF-8"?>
<!-- Generated by org.testng.reporters.JUnitReportReporter -->
<testsuite hostname="SHAHIDAFTABWIN10" failures="0" tests="1" name="briq_A_assignment.webTable_to_CSV_generate" time="24.384" errors="0" timestamp="2023-09-01T08:14:54 IST" skipped="0">
  <testcase classname="briq_A_assignment.webTable_to_CSV_generate" name="webTable_to_CSV_generator" time="24.384"/>
</testsuite> <!-- briq_A_assignment.webTable_to_CSV_generate -->
