<?xml version="1.0" encoding="UTF-8"?>
<!-- Generated by org.testng.reporters.JUnitReportReporter -->
<testsuite hostname="SHAHIDAFTABWIN10" failures="0" tests="1" name="briq_B_assignment.download_attachment_B_1" time="14.501" errors="0" timestamp="2023-09-01T08:19:45 IST" skipped="0">
  <testcase classname="briq_B_assignment.download_attachment_B_1" name="download_all_non_png_attachments" time="14.501"/>
</testsuite> <!-- briq_B_assignment.download_attachment_B_1 -->
