<?xml version="1.0" encoding="UTF-8"?>
<!-- Generated by org.testng.reporters.JUnitReportReporter -->
<testsuite hostname="SHAHIDAFTABWIN10" failures="0" tests="1" name="briq_B_assignment.upload_attachment_B_2" time="11.041" errors="0" timestamp="2023-09-01T08:54:01 IST" skipped="0">
  <testcase classname="briq_B_assignment.upload_attachment_B_2" name="upload_attachment_from_the_downloaded_non_png_file" time="11.041"/>
</testsuite> <!-- briq_B_assignment.upload_attachment_B_2 -->
