<?xml version="1.0" encoding="UTF-8"?>
<!-- Generated by org.testng.reporters.JUnitReportReporter -->
<testsuite hostname="SHAHIDAFTABWIN10" failures="0" tests="1" name="briq_2.upload_download_attachments" time="58.971" errors="0" timestamp="2023-08-31T21:42:42 IST" skipped="0">
  <testcase classname="briq_2.upload_download_attachments" name="download_all_non_png_attachments" time="58.971"/>
</testsuite> <!-- briq_2.upload_download_attachments -->
